  stdafx.cpp
  sudokupair.cpp
c:\users\administrator\desktop\sudoku_pair\sudoku_pair\core.h(28): warning C4275: 非 dll 接口 class“std::exception”用作 dll 接口 struct“MyOrderException”的基
  d:\vs2017\vc\tools\msvc\14.11.25503\include\vcruntime_exception.h(43): note: 参见“std::exception”的声明
  c:\users\administrator\desktop\sudoku_pair\sudoku_pair\core.h(27): note: 参见“MyOrderException”的声明
c:\users\administrator\desktop\sudoku_pair\sudoku_pair\core.h(45): warning C4275: 非 dll 接口 class“std::exception”用作 dll 接口 struct“MyFileException”的基
  d:\vs2017\vc\tools\msvc\14.11.25503\include\vcruntime_exception.h(43): note: 参见“std::exception”的声明
  c:\users\administrator\desktop\sudoku_pair\sudoku_pair\core.h(44): note: 参见“MyFileException”的声明
c:\users\administrator\desktop\sudoku_pair\sudoku_pair\core.h(55): warning C4275: 非 dll 接口 class“std::exception”用作 dll 接口 struct“MySudokuException”的基
  d:\vs2017\vc\tools\msvc\14.11.25503\include\vcruntime_exception.h(43): note: 参见“std::exception”的声明
  c:\users\administrator\desktop\sudoku_pair\sudoku_pair\core.h(54): note: 参见“MySudokuException”的声明
c:\users\administrator\desktop\sudoku_pair\sudoku_pair\core.h(64): warning C4275: 非 dll 接口 class“std::exception”用作 dll 接口 struct“MyParameterException”的基
  d:\vs2017\vc\tools\msvc\14.11.25503\include\vcruntime_exception.h(43): note: 参见“std::exception”的声明
  c:\users\administrator\desktop\sudoku_pair\sudoku_pair\core.h(63): note: 参见“MyParameterException”的声明
c:\users\administrator\desktop\sudoku_pair\sudoku_pair\core.h(81): warning C4275: 非 dll 接口 class“std::exception”用作 dll 接口 struct“MyFormatException”的基
  d:\vs2017\vc\tools\msvc\14.11.25503\include\vcruntime_exception.h(43): note: 参见“std::exception”的声明
  c:\users\administrator\desktop\sudoku_pair\sudoku_pair\core.h(80): note: 参见“MyFormatException”的声明
c:\users\administrator\desktop\sudoku_pair\sudoku_pair\core.h(113): warning C4251: “Core::_startSet”: class“std::set<std::string,std::less<_Kty>,std::allocator<_Kty>>”需要有 dll 接口由 class“Core”的客户端使用
          with
          [
              _Kty=std::string
          ]
  c:\users\administrator\desktop\sudoku_pair\sudoku_pair\core.h(113): note: 参见“std::set<std::string,std::less<_Kty>,std::allocator<_Kty>>”的声明
          with
          [
              _Kty=std::string
          ]
  Core.cpp
c:\users\administrator\desktop\sudoku_pair\sudoku_pair\core.h(28): warning C4275: 非 dll 接口 class“std::exception”用作 dll 接口 struct“MyOrderException”的基
  d:\vs2017\vc\tools\msvc\14.11.25503\include\vcruntime_exception.h(43): note: 参见“std::exception”的声明
  c:\users\administrator\desktop\sudoku_pair\sudoku_pair\core.h(27): note: 参见“MyOrderException”的声明
c:\users\administrator\desktop\sudoku_pair\sudoku_pair\core.h(45): warning C4275: 非 dll 接口 class“std::exception”用作 dll 接口 struct“MyFileException”的基
  d:\vs2017\vc\tools\msvc\14.11.25503\include\vcruntime_exception.h(43): note: 参见“std::exception”的声明
  c:\users\administrator\desktop\sudoku_pair\sudoku_pair\core.h(44): note: 参见“MyFileException”的声明
c:\users\administrator\desktop\sudoku_pair\sudoku_pair\core.h(55): warning C4275: 非 dll 接口 class“std::exception”用作 dll 接口 struct“MySudokuException”的基
  d:\vs2017\vc\tools\msvc\14.11.25503\include\vcruntime_exception.h(43): note: 参见“std::exception”的声明
  c:\users\administrator\desktop\sudoku_pair\sudoku_pair\core.h(54): note: 参见“MySudokuException”的声明
c:\users\administrator\desktop\sudoku_pair\sudoku_pair\core.h(64): warning C4275: 非 dll 接口 class“std::exception”用作 dll 接口 struct“MyParameterException”的基
  d:\vs2017\vc\tools\msvc\14.11.25503\include\vcruntime_exception.h(43): note: 参见“std::exception”的声明
  c:\users\administrator\desktop\sudoku_pair\sudoku_pair\core.h(63): note: 参见“MyParameterException”的声明
c:\users\administrator\desktop\sudoku_pair\sudoku_pair\core.h(81): warning C4275: 非 dll 接口 class“std::exception”用作 dll 接口 struct“MyFormatException”的基
  d:\vs2017\vc\tools\msvc\14.11.25503\include\vcruntime_exception.h(43): note: 参见“std::exception”的声明
  c:\users\administrator\desktop\sudoku_pair\sudoku_pair\core.h(80): note: 参见“MyFormatException”的声明
c:\users\administrator\desktop\sudoku_pair\sudoku_pair\core.h(113): warning C4251: “Core::_startSet”: class“std::set<std::string,std::less<_Kty>,std::allocator<_Kty>>”需要有 dll 接口由 class“Core”的客户端使用
          with
          [
              _Kty=std::string
          ]
  c:\users\administrator\desktop\sudoku_pair\sudoku_pair\core.h(113): note: 参见“std::set<std::string,std::less<_Kty>,std::allocator<_Kty>>”的声明
          with
          [
              _Kty=std::string
          ]
c:\users\administrator\desktop\sudoku_pair\sudoku_pair\core.cpp(182): warning C4267: “初始化”: 从“size_t”转换到“int”，可能丢失数据
  正在生成代码...
    正在创建库 C:\Users\Administrator\Desktop\sudoku_pair\x64\Debug\sudoku_pair.lib 和对象 C:\Users\Administrator\Desktop\sudoku_pair\x64\Debug\sudoku_pair.exp
  sudoku_pair.vcxproj -> C:\Users\Administrator\Desktop\sudoku_pair\x64\Debug\sudoku_pair.exe
  sudoku_pair.vcxproj -> C:\Users\Administrator\Desktop\sudoku_pair\x64\Debug\sudoku_pair.pdb (Partial PDB)
