c:\users\administrator\desktop\sudokugui\sudokugui\x64\debug\vc141.pdb
c:\users\administrator\desktop\sudokugui\sudokugui\x64\debug\qrc_sudokugui.obj
c:\users\administrator\desktop\sudokugui\sudokugui\x64\debug\main.obj
c:\users\administrator\desktop\sudokugui\sudokugui\x64\debug\index.obj
c:\users\administrator\desktop\sudokugui\sudokugui\x64\debug\moc_index.obj
c:\users\administrator\desktop\sudokugui\sudokugui\x64\debug\sudokugui.obj
c:\users\administrator\desktop\sudokugui\sudokugui\x64\debug\moc_sudokugui.obj
c:\users\administrator\desktop\sudokugui\sudokugui\generatedfiles\ui_sudokugui.h
c:\users\administrator\desktop\sudokugui\sudokugui\generatedfiles\qrc_sudokugui.cpp
c:\users\administrator\desktop\sudokugui\sudokugui\generatedfiles\debug\moc_sudokugui.cpp
c:\users\administrator\desktop\sudokugui\sudokugui\generatedfiles\debug\moc_index.cpp
c:\users\administrator\desktop\sudokugui\x64\debug\sudokugui.exe
c:\users\administrator\desktop\sudokugui\x64\debug\sudokugui.ilk
c:\users\administrator\desktop\sudokugui\x64\debug\sudokugui.pdb
c:\users\administrator\desktop\sudokugui\sudokugui\x64\debug\sudokugui.res
c:\users\administrator\desktop\sudokugui\x64\debug\sudokugui.lib
c:\users\administrator\desktop\sudokugui\x64\debug\sudokugui.exp
c:\users\administrator\desktop\sudokugui\sudokugui\x64\debug\sudokugui.tlog\cl.command.1.tlog
c:\users\administrator\desktop\sudokugui\sudokugui\x64\debug\sudokugui.tlog\cl.read.1.tlog
c:\users\administrator\desktop\sudokugui\sudokugui\x64\debug\sudokugui.tlog\cl.write.1.tlog
c:\users\administrator\desktop\sudokugui\sudokugui\x64\debug\sudokugui.tlog\custombuild.command.1.tlog
c:\users\administrator\desktop\sudokugui\sudokugui\x64\debug\sudokugui.tlog\custombuild.read.1.tlog
c:\users\administrator\desktop\sudokugui\sudokugui\x64\debug\sudokugui.tlog\custombuild.write.1.tlog
c:\users\administrator\desktop\sudokugui\sudokugui\x64\debug\sudokugui.tlog\link.command.1.tlog
c:\users\administrator\desktop\sudokugui\sudokugui\x64\debug\sudokugui.tlog\link.read.1.tlog
c:\users\administrator\desktop\sudokugui\sudokugui\x64\debug\sudokugui.tlog\link.write.1.tlog
c:\users\administrator\desktop\sudokugui\sudokugui\x64\debug\sudokugui.tlog\rc.command.1.tlog
c:\users\administrator\desktop\sudokugui\sudokugui\x64\debug\sudokugui.tlog\rc.read.1.tlog
c:\users\administrator\desktop\sudokugui\sudokugui\x64\debug\sudokugui.tlog\rc.write.1.tlog
c:\users\administrator\desktop\sudokugui\sudokugui\x64\debug\sudokugui.tlog\sudokugui.write.1u.tlog
