c:\users\administrator\desktop\sudokugui\sudokugui\x64\release\qrc_sudokugui.obj
c:\users\administrator\desktop\sudokugui\sudokugui\x64\release\sudokugui.obj
c:\users\administrator\desktop\sudokugui\sudokugui\x64\release\main.obj
c:\users\administrator\desktop\sudokugui\sudokugui\x64\release\index.obj
c:\users\administrator\desktop\sudokugui\sudokugui\x64\release\moc_sudokugui.obj
c:\users\administrator\desktop\sudokugui\sudokugui\x64\release\moc_index.obj
c:\users\administrator\desktop\sudokugui\sudokugui\generatedfiles\release\moc_sudokugui.cpp
c:\users\administrator\desktop\sudokugui\sudokugui\generatedfiles\ui_sudokugui.h
c:\users\administrator\desktop\sudokugui\sudokugui\generatedfiles\release\moc_index.cpp
c:\users\administrator\desktop\sudokugui\sudokugui\generatedfiles\qrc_sudokugui.cpp
c:\users\administrator\desktop\sudokugui\x64\release\sudokugui.exe
c:\users\administrator\desktop\sudokugui\sudokugui\x64\release\sudokugui.res
c:\users\administrator\desktop\sudokugui\x64\release\sudokugui.lib
c:\users\administrator\desktop\sudokugui\x64\release\sudokugui.exp
c:\users\administrator\desktop\sudokugui\sudokugui\x64\release\sudokugui.tlog\cl.command.1.tlog
c:\users\administrator\desktop\sudokugui\sudokugui\x64\release\sudokugui.tlog\cl.read.1.tlog
c:\users\administrator\desktop\sudokugui\sudokugui\x64\release\sudokugui.tlog\cl.write.1.tlog
c:\users\administrator\desktop\sudokugui\sudokugui\x64\release\sudokugui.tlog\custombuild.command.1.tlog
c:\users\administrator\desktop\sudokugui\sudokugui\x64\release\sudokugui.tlog\custombuild.read.1.tlog
c:\users\administrator\desktop\sudokugui\sudokugui\x64\release\sudokugui.tlog\custombuild.write.1.tlog
c:\users\administrator\desktop\sudokugui\sudokugui\x64\release\sudokugui.tlog\link.command.1.tlog
c:\users\administrator\desktop\sudokugui\sudokugui\x64\release\sudokugui.tlog\link.read.1.tlog
c:\users\administrator\desktop\sudokugui\sudokugui\x64\release\sudokugui.tlog\link.write.1.tlog
c:\users\administrator\desktop\sudokugui\sudokugui\x64\release\sudokugui.tlog\rc.command.1.tlog
c:\users\administrator\desktop\sudokugui\sudokugui\x64\release\sudokugui.tlog\rc.read.1.tlog
c:\users\administrator\desktop\sudokugui\sudokugui\x64\release\sudokugui.tlog\rc.write.1.tlog
c:\users\administrator\desktop\sudokugui\sudokugui\x64\release\sudokugui.tlog\sudokugui.write.1u.tlog
